{"C:\\workspace\\mdm\\basket-mdm-1\\src\\App.vue": {"path":"C:\\workspace\\mdm\\basket-mdm-1\\src\\App.vue","statementMap":{"0":{"start":{"line":7,"column":0},"end":{"line":7,"column":null}},"1":{"start":{"line":9,"column":15},"end":{"line":9,"column":null}}},"fnMap":{},"branchMap":{},"s":{"0":0,"1":0},"f":{},"b":{}}
,"C:\\workspace\\mdm\\basket-mdm-1\\src\\components\\HelloWorld.vue": {"path":"C:\\workspace\\mdm\\basket-mdm-1\\src\\components\\HelloWorld.vue","statementMap":{"0":{"start":{"line":8,"column":15},"end":{"line":8,"column":null}}},"fnMap":{},"branchMap":{},"s":{"0":0},"f":{},"b":{}}
,"C:\\workspace\\mdm\\basket-mdm-1\\src\\components\\Basket\\index.vue": {"path":"C:\\workspace\\mdm\\basket-mdm-1\\src\\components\\Basket\\index.vue","statementMap":{"0":{"start":{"line":22,"column":0},"end":{"line":22,"column":null}},"1":{"start":{"line":23,"column":0},"end":{"line":23,"column":null}},"2":{"start":{"line":25,"column":15},"end":{"line":25,"column":null}},"3":{"start":{"line":35,"column":6},"end":{"line":35,"column":13}}},"fnMap":{"0":{"name":"(anonymous_0)","decl":{"start":{"line":34,"column":4},"end":{"line":34,"column":14}},"loc":{"start":{"line":34,"column":18},"end":{"line":36,"column":null}}}},"branchMap":{"0":{"loc":{"start":{"line":35,"column":13},"end":{"line":35,"column":18}},"type":"cond-expr","locations":[{"start":{"line":35,"column":13},"end":{"line":35,"column":18}},{"start":{"line":35,"column":13},"end":{"line":35,"column":43}}]},"1":{"loc":{"start":{"line":35,"column":13},"end":{"line":35,"column":18}},"type":"binary-expr","locations":[{"start":{"line":35,"column":13},"end":{"line":35,"column":18}},{"start":{"line":35,"column":13},"end":{"line":35,"column":18}}]}},"s":{"0":0,"1":0,"2":0,"3":0},"f":{"0":0},"b":{"0":[0,0],"1":[0,0]}}
,"C:\\workspace\\mdm\\basket-mdm-1\\src\\components\\Basket\\_subs\\ItemImage.vue": {"path":"C:\\workspace\\mdm\\basket-mdm-1\\src\\components\\Basket\\_subs\\ItemImage.vue","statementMap":{"0":{"start":{"line":11,"column":0},"end":{"line":11,"column":null}},"1":{"start":{"line":13,"column":15},"end":{"line":13,"column":null}},"2":{"start":{"line":23,"column":18},"end":{"line":23,"column":null}},"3":{"start":{"line":24,"column":6},"end":{"line":27,"column":null}},"4":{"start":{"line":25,"column":24},"end":{"line":25,"column":null}},"5":{"start":{"line":26,"column":8},"end":{"line":26,"column":11}},"6":{"start":{"line":28,"column":6},"end":{"line":28,"column":35}},"7":{"start":{"line":28,"column":28},"end":{"line":28,"column":35}},"8":{"start":{"line":29,"column":6},"end":{"line":29,"column":13}}},"fnMap":{"0":{"name":"(anonymous_0)","decl":{"start":{"line":22,"column":4},"end":{"line":22,"column":20}},"loc":{"start":{"line":22,"column":24},"end":{"line":30,"column":null}}}},"branchMap":{"0":{"loc":{"start":{"line":28,"column":6},"end":{"line":28,"column":35}},"type":"if","locations":[{"start":{"line":28,"column":6},"end":{"line":28,"column":35}},{"start":{"line":28,"column":6},"end":{"line":28,"column":35}}]}},"s":{"0":0,"1":0,"2":0,"3":0,"4":0,"5":0,"6":0,"7":0,"8":0},"f":{"0":0},"b":{"0":[0,0]}}
,"C:\\workspace\\mdm\\basket-mdm-1\\src\\components\\Basket\\_subs\\item.vue": {"path":"C:\\workspace\\mdm\\basket-mdm-1\\src\\components\\Basket\\_subs\\item.vue","statementMap":{"0":{"start":{"line":29,"column":0},"end":{"line":29,"column":null}},"1":{"start":{"line":30,"column":0},"end":{"line":30,"column":null}},"2":{"start":{"line":31,"column":0},"end":{"line":31,"column":null}},"3":{"start":{"line":33,"column":15},"end":{"line":33,"column":null}},"4":{"start":{"line":44,"column":15},"end":{"line":44,"column":null}},"5":{"start":{"line":53,"column":6},"end":{"line":53,"column":11}},"6":{"start":{"line":56,"column":6},"end":{"line":56,"column":11}},"7":{"start":{"line":59,"column":6},"end":{"line":66,"column":null}},"8":{"start":{"line":60,"column":23},"end":{"line":60,"column":28}},"9":{"start":{"line":61,"column":8},"end":{"line":61,"column":14}},"10":{"start":{"line":62,"column":8},"end":{"line":62,"column":14}},"11":{"start":{"line":64,"column":8},"end":{"line":64,"column":15}},"12":{"start":{"line":65,"column":8},"end":{"line":65,"column":13}},"13":{"start":{"line":76,"column":6},"end":{"line":76,"column":null}},"14":{"start":{"line":76,"column":36},"end":{"line":76,"column":null}},"15":{"start":{"line":77,"column":6},"end":{"line":84,"column":null}},"16":{"start":{"line":78,"column":22},"end":{"line":78,"column":24}},"17":{"start":{"line":79,"column":23},"end":{"line":79,"column":28}},"18":{"start":{"line":80,"column":8},"end":{"line":80,"column":14}},"19":{"start":{"line":81,"column":8},"end":{"line":81,"column":14}},"20":{"start":{"line":83,"column":8},"end":{"line":83,"column":15}},"21":{"start":{"line":88,"column":4},"end":{"line":88,"column":9}}},"fnMap":{"0":{"name":"(anonymous_0)","decl":{"start":{"line":44,"column":8},"end":{"line":44,"column":15}},"loc":{"start":{"line":44,"column":15},"end":{"line":44,"column":null}}},"1":{"name":"(anonymous_1)","decl":{"start":{"line":52,"column":4},"end":{"line":52,"column":10}},"loc":{"start":{"line":52,"column":14},"end":{"line":54,"column":null}}},"2":{"name":"(anonymous_2)","decl":{"start":{"line":55,"column":4},"end":{"line":55,"column":13}},"loc":{"start":{"line":55,"column":17},"end":{"line":57,"column":null}}},"3":{"name":"(anonymous_3)","decl":{"start":{"line":58,"column":4},"end":{"line":58,"column":10}},"loc":{"start":{"line":58,"column":31},"end":{"line":67,"column":null}}},"4":{"name":"(anonymous_4)","decl":{"start":{"line":75,"column":23},"end":{"line":75,"column":39}},"loc":{"start":{"line":75,"column":47},"end":{"line":85,"column":7}}},"5":{"name":"(anonymous_5)","decl":{"start":{"line":87,"column":2},"end":{"line":87,"column":9}},"loc":{"start":{"line":87,"column":13},"end":{"line":89,"column":null}}}},"branchMap":{"0":{"loc":{"start":{"line":56,"column":6},"end":{"line":56,"column":26}},"type":"binary-expr","locations":[{"start":{"line":56,"column":6},"end":{"line":56,"column":26}},{"start":{"line":56,"column":26},"end":{"line":56,"column":31}}]},"1":{"loc":{"start":{"line":76,"column":6},"end":{"line":76,"column":null}},"type":"if","locations":[{"start":{"line":76,"column":6},"end":{"line":76,"column":null}},{"start":{"line":76,"column":6},"end":{"line":76,"column":null}}]},"2":{"loc":{"start":{"line":80,"column":47},"end":{"line":80,"column":49}},"type":"cond-expr","locations":[{"start":{"line":80,"column":47},"end":{"line":80,"column":49}},{"start":{"line":80,"column":49},"end":{"line":80,"column":71}}]},"3":{"loc":{"start":{"line":80,"column":47},"end":{"line":80,"column":49}},"type":"binary-expr","locations":[{"start":{"line":80,"column":47},"end":{"line":80,"column":49}},{"start":{"line":80,"column":47},"end":{"line":80,"column":49}}]}},"s":{"0":0,"1":0,"2":0,"3":0,"4":0,"5":0,"6":0,"7":0,"8":0,"9":0,"10":0,"11":0,"12":0,"13":0,"14":0,"15":0,"16":0,"17":0,"18":0,"19":0,"20":0,"21":0},"f":{"0":0,"1":0,"2":0,"3":0,"4":0,"5":0},"b":{"0":[0,0],"1":[0,0],"2":[0,0],"3":[0,0]}}
,"C:\\workspace\\mdm\\basket-mdm-1\\src\\components\\MiniCard\\index.vue": {"path":"C:\\workspace\\mdm\\basket-mdm-1\\src\\components\\MiniCard\\index.vue","statementMap":{"0":{"start":{"line":10,"column":0},"end":{"line":10,"column":null}},"1":{"start":{"line":12,"column":15},"end":{"line":12,"column":null}},"2":{"start":{"line":19,"column":6},"end":{"line":19,"column":13}},"3":{"start":{"line":20,"column":8},"end":{"line":20,"column":15}}},"fnMap":{"0":{"name":"(anonymous_0)","decl":{"start":{"line":18,"column":4},"end":{"line":18,"column":12}},"loc":{"start":{"line":18,"column":16},"end":{"line":22,"column":null}}},"1":{"name":"(anonymous_1)","decl":{"start":{"line":19,"column":40},"end":{"line":19,"column":50}},"loc":{"start":{"line":19,"column":61},"end":{"line":21,"column":9}}}},"branchMap":{},"s":{"0":0,"1":0,"2":0,"3":0},"f":{"0":0,"1":0},"b":{}}
,"C:\\workspace\\mdm\\basket-mdm-1\\src\\components\\Navigation\\index.vue": {"path":"C:\\workspace\\mdm\\basket-mdm-1\\src\\components\\Navigation\\index.vue","statementMap":{"0":{"start":{"line":14,"column":0},"end":{"line":14,"column":null}},"1":{"start":{"line":16,"column":15},"end":{"line":16,"column":null}}},"fnMap":{},"branchMap":{},"s":{"0":0,"1":0},"f":{},"b":{}}
,"C:\\workspace\\mdm\\basket-mdm-1\\src\\components\\SummaryBasket\\index.vue": {"path":"C:\\workspace\\mdm\\basket-mdm-1\\src\\components\\SummaryBasket\\index.vue","statementMap":{"0":{"start":{"line":13,"column":0},"end":{"line":13,"column":null}},"1":{"start":{"line":15,"column":15},"end":{"line":15,"column":null}},"2":{"start":{"line":22,"column":6},"end":{"line":22,"column":13}},"3":{"start":{"line":23,"column":8},"end":{"line":23,"column":15}}},"fnMap":{"0":{"name":"(anonymous_0)","decl":{"start":{"line":21,"column":4},"end":{"line":21,"column":9}},"loc":{"start":{"line":21,"column":13},"end":{"line":25,"column":null}}},"1":{"name":"(anonymous_1)","decl":{"start":{"line":22,"column":40},"end":{"line":22,"column":50}},"loc":{"start":{"line":22,"column":61},"end":{"line":24,"column":9}}}},"branchMap":{"0":{"loc":{"start":{"line":23,"column":22},"end":{"line":23,"column":25}},"type":"cond-expr","locations":[{"start":{"line":23,"column":22},"end":{"line":23,"column":25}},{"start":{"line":23,"column":22},"end":{"line":23,"column":48}}]},"1":{"loc":{"start":{"line":23,"column":22},"end":{"line":23,"column":25}},"type":"binary-expr","locations":[{"start":{"line":23,"column":22},"end":{"line":23,"column":25}},{"start":{"line":23,"column":22},"end":{"line":23,"column":25}}]}},"s":{"0":1,"1":1,"2":0,"3":0},"f":{"0":0,"1":0},"b":{"0":[0,0],"1":[0,0]}}
,"C:\\workspace\\mdm\\basket-mdm-1\\src\\store\\index.js": {"path":"C:\\workspace\\mdm\\basket-mdm-1\\src\\store\\index.js","statementMap":{},"fnMap":{},"branchMap":{},"s":{},"f":{},"b":{},"hash":"fbafd0d541e18162c855dfde7195610dec3c5c17"}
,"C:\\workspace\\mdm\\basket-mdm-1\\src\\store\\basket\\index.js": {"path":"C:\\workspace\\mdm\\basket-mdm-1\\src\\store\\basket\\index.js","statementMap":{"0":{"start":{"line":4,"column":2},"end":{"line":4,"column":56}},"1":{"start":{"line":4,"column":32},"end":{"line":4,"column":55}},"2":{"start":{"line":7,"column":19},"end":{"line":7,"column":23}},"3":{"start":{"line":8,"column":14},"end":{"line":10,"column":2}},"4":{"start":{"line":8,"column":21},"end":{"line":10,"column":1}},"5":{"start":{"line":12,"column":16},"end":{"line":14,"column":1}},"6":{"start":{"line":13,"column":23},"end":{"line":13,"column":34}},"7":{"start":{"line":16,"column":16},"end":{"line":49,"column":1}},"8":{"start":{"line":19,"column":4},"end":{"line":25,"column":5}},"9":{"start":{"line":20,"column":18},"end":{"line":20,"column":66}},"10":{"start":{"line":21,"column":6},"end":{"line":21,"column":73}},"11":{"start":{"line":21,"column":25},"end":{"line":21,"column":73}},"12":{"start":{"line":23,"column":6},"end":{"line":23,"column":26}},"13":{"start":{"line":24,"column":6},"end":{"line":24,"column":17}},"14":{"start":{"line":29,"column":4},"end":{"line":38,"column":5}},"15":{"start":{"line":30,"column":6},"end":{"line":30,"column":25}},"16":{"start":{"line":31,"column":26},"end":{"line":31,"column":85}},"17":{"start":{"line":31,"column":58},"end":{"line":31,"column":84}},"18":{"start":{"line":32,"column":6},"end":{"line":32,"column":37}},"19":{"start":{"line":32,"column":31},"end":{"line":32,"column":37}},"20":{"start":{"line":33,"column":6},"end":{"line":33,"column":42}},"21":{"start":{"line":34,"column":6},"end":{"line":34,"column":43}},"22":{"start":{"line":36,"column":6},"end":{"line":36,"column":53}},"23":{"start":{"line":37,"column":6},"end":{"line":37,"column":17}},"24":{"start":{"line":41,"column":4},"end":{"line":47,"column":5}},"25":{"start":{"line":42,"column":6},"end":{"line":42,"column":25}},"26":{"start":{"line":43,"column":6},"end":{"line":43,"column":36}},"27":{"start":{"line":45,"column":6},"end":{"line":45,"column":53}},"28":{"start":{"line":46,"column":6},"end":{"line":46,"column":17}},"29":{"start":{"line":51,"column":18},"end":{"line":64,"column":1}},"30":{"start":{"line":53,"column":4},"end":{"line":53,"column":25}},"31":{"start":{"line":56,"column":20},"end":{"line":56,"column":89}},"32":{"start":{"line":56,"column":50},"end":{"line":56,"column":88}},"33":{"start":{"line":57,"column":4},"end":{"line":59,"column":5}},"34":{"start":{"line":58,"column":6},"end":{"line":58,"column":47}},"35":{"start":{"line":62,"column":4},"end":{"line":62,"column":72}},"36":{"start":{"line":62,"column":45},"end":{"line":62,"column":71}}},"fnMap":{"0":{"name":"callApi","decl":{"start":{"line":3,"column":9},"end":{"line":3,"column":16}},"loc":{"start":{"line":3,"column":22},"end":{"line":5,"column":1}},"line":3},"1":{"name":"(anonymous_1)","decl":{"start":{"line":4,"column":21},"end":{"line":4,"column":22}},"loc":{"start":{"line":4,"column":32},"end":{"line":4,"column":55}},"line":4},"2":{"name":"(anonymous_2)","decl":{"start":{"line":8,"column":14},"end":{"line":8,"column":15}},"loc":{"start":{"line":8,"column":21},"end":{"line":10,"column":1}},"line":8},"3":{"name":"(anonymous_3)","decl":{"start":{"line":13,"column":12},"end":{"line":13,"column":13}},"loc":{"start":{"line":13,"column":23},"end":{"line":13,"column":34}},"line":13},"4":{"name":"(anonymous_4)","decl":{"start":{"line":18,"column":2},"end":{"line":18,"column":3}},"loc":{"start":{"line":18,"column":32},"end":{"line":26,"column":3}},"line":18},"5":{"name":"(anonymous_5)","decl":{"start":{"line":28,"column":2},"end":{"line":28,"column":3}},"loc":{"start":{"line":28,"column":61},"end":{"line":39,"column":3}},"line":28},"6":{"name":"(anonymous_6)","decl":{"start":{"line":31,"column":50},"end":{"line":31,"column":51}},"loc":{"start":{"line":31,"column":58},"end":{"line":31,"column":84}},"line":31},"7":{"name":"(anonymous_7)","decl":{"start":{"line":40,"column":2},"end":{"line":40,"column":3}},"loc":{"start":{"line":40,"column":45},"end":{"line":48,"column":3}},"line":40},"8":{"name":"(anonymous_8)","decl":{"start":{"line":52,"column":2},"end":{"line":52,"column":3}},"loc":{"start":{"line":52,"column":29},"end":{"line":54,"column":3}},"line":52},"9":{"name":"(anonymous_9)","decl":{"start":{"line":55,"column":2},"end":{"line":55,"column":3}},"loc":{"start":{"line":55,"column":33},"end":{"line":60,"column":3}},"line":55},"10":{"name":"(anonymous_10)","decl":{"start":{"line":56,"column":42},"end":{"line":56,"column":43}},"loc":{"start":{"line":56,"column":50},"end":{"line":56,"column":88}},"line":56},"11":{"name":"(anonymous_11)","decl":{"start":{"line":61,"column":2},"end":{"line":61,"column":3}},"loc":{"start":{"line":61,"column":31},"end":{"line":63,"column":3}},"line":61},"12":{"name":"(anonymous_12)","decl":{"start":{"line":62,"column":37},"end":{"line":62,"column":38}},"loc":{"start":{"line":62,"column":45},"end":{"line":62,"column":71}},"line":62}},"branchMap":{"0":{"loc":{"start":{"line":21,"column":6},"end":{"line":21,"column":73}},"type":"if","locations":[{"start":{"line":21,"column":6},"end":{"line":21,"column":73}},{"start":{"line":21,"column":6},"end":{"line":21,"column":73}}],"line":21},"1":{"loc":{"start":{"line":32,"column":6},"end":{"line":32,"column":37}},"type":"if","locations":[{"start":{"line":32,"column":6},"end":{"line":32,"column":37}},{"start":{"line":32,"column":6},"end":{"line":32,"column":37}}],"line":32},"2":{"loc":{"start":{"line":57,"column":4},"end":{"line":59,"column":5}},"type":"if","locations":[{"start":{"line":57,"column":4},"end":{"line":59,"column":5}},{"start":{"line":57,"column":4},"end":{"line":59,"column":5}}],"line":57}},"s":{"0":0,"1":0,"2":0,"3":0,"4":0,"5":0,"6":0,"7":0,"8":0,"9":0,"10":0,"11":0,"12":0,"13":0,"14":0,"15":0,"16":0,"17":0,"18":0,"19":0,"20":0,"21":0,"22":0,"23":0,"24":0,"25":0,"26":0,"27":0,"28":0,"29":0,"30":0,"31":0,"32":0,"33":0,"34":0,"35":0,"36":0},"f":{"0":0,"1":0,"2":0,"3":0,"4":0,"5":0,"6":0,"7":0,"8":0,"9":0,"10":0,"11":0,"12":0},"b":{"0":[0,0],"1":[0,0],"2":[0,0]},"hash":"e14ec04792f54bee4c3ca1dbde912dd94f7afb99"}
,"C:\\workspace\\mdm\\basket-mdm-1\\src\\views\\BasketView.vue": {"path":"C:\\workspace\\mdm\\basket-mdm-1\\src\\views\\BasketView.vue","statementMap":{"0":{"start":{"line":22,"column":0},"end":{"line":22,"column":null}},"1":{"start":{"line":23,"column":0},"end":{"line":23,"column":null}},"2":{"start":{"line":24,"column":0},"end":{"line":24,"column":null}},"3":{"start":{"line":26,"column":15},"end":{"line":26,"column":null}},"4":{"start":{"line":33,"column":4},"end":{"line":33,"column":11}},"5":{"start":{"line":43,"column":6},"end":{"line":50,"column":null}},"6":{"start":{"line":44,"column":23},"end":{"line":44,"column":28}},"7":{"start":{"line":45,"column":8},"end":{"line":45,"column":14}},"8":{"start":{"line":46,"column":8},"end":{"line":46,"column":14}},"9":{"start":{"line":47,"column":8},"end":{"line":47,"column":13}},"10":{"start":{"line":49,"column":8},"end":{"line":49,"column":15}}},"fnMap":{"0":{"name":"(anonymous_0)","decl":{"start":{"line":32,"column":2},"end":{"line":32,"column":6}},"loc":{"start":{"line":32,"column":10},"end":{"line":37,"column":null}}},"1":{"name":"(anonymous_1)","decl":{"start":{"line":42,"column":4},"end":{"line":42,"column":10}},"loc":{"start":{"line":42,"column":23},"end":{"line":51,"column":null}}}},"branchMap":{},"s":{"0":0,"1":0,"2":0,"3":0,"4":0,"5":0,"6":0,"7":0,"8":0,"9":0,"10":0},"f":{"0":0,"1":0},"b":{}}
,"C:\\workspace\\mdm\\basket-mdm-1\\src\\views\\Home.vue": {"path":"C:\\workspace\\mdm\\basket-mdm-1\\src\\views\\Home.vue","statementMap":{"0":{"start":{"line":9,"column":0},"end":{"line":9,"column":null}},"1":{"start":{"line":11,"column":15},"end":{"line":11,"column":null}}},"fnMap":{},"branchMap":{},"s":{"0":0,"1":0},"f":{},"b":{}}
}
